<?xml version="1.0" encoding="UTF-8"?>
<testng-results skipped="0" failed="0" ignored="0" total="1" passed="1">
  <reporter-output>
  </reporter-output>
  <suite name="Default suite" duration-ms="15235" started-at="2019-08-02T05:18:08Z" finished-at="2019-08-02T05:18:23Z">
    <groups>
    </groups>
    <test name="Default test" duration-ms="15235" started-at="2019-08-02T05:18:08Z" finished-at="2019-08-02T05:18:23Z">
      <class name="Tests.FileUpload">
        <test-method status="PASS" signature="fileuplod()[pri:0, instance:Tests.FileUpload@4678c730]" name="fileuplod" duration-ms="15172" started-at="2019-08-02T05:18:08Z" finished-at="2019-08-02T05:18:23Z">
          <reporter-output>
          </reporter-output>
        </test-method> <!-- fileuplod -->
      </class> <!-- Tests.FileUpload -->
    </test> <!-- Default test -->
  </suite> <!-- Default suite -->
</testng-results>
